2023-03-04 12:48:45.791  INFO 12908 --- [main] com.gtbackend.gtbackend.DemoApplication  : Starting DemoApplication using Java 19.0.1 on Ninaou2333 with PID 12908 (C:\Users\Mengzhu Oub\Documents\GitHub\WordSnakeWebsite\Backend\target\classes started by Mengzhu Oub in C:\Users\Mengzhu Oub\Documents\GitHub\WordSnakeWebsite)
2023-03-04 12:48:45.796  INFO 12908 --- [main] com.gtbackend.gtbackend.DemoApplication  : No active profile set, falling back to 1 default profile: "default"
2023-03-04 12:48:47.219  INFO 12908 --- [main] .s.d.r.c.RepositoryConfigurationDelegate : Multiple Spring Data modules found, entering strict repository configuration mode
2023-03-04 12:48:47.221  INFO 12908 --- [main] .s.d.r.c.RepositoryConfigurationDelegate : Bootstrapping Spring Data JDBC repositories in DEFAULT mode.
2023-03-04 12:48:47.297  INFO 12908 --- [main] .RepositoryConfigurationExtensionSupport : Spring Data JDBC - Could not safely identify store assignment for repository candidate interface com.gtbackend.gtbackend.dao.UserRepository; If you want this repository to be a JDBC repository, consider annotating your entities with one of these annotations: org.springframework.data.relational.core.mapping.Table.
2023-03-04 12:48:47.301  INFO 12908 --- [main] .RepositoryConfigurationExtensionSupport : Spring Data JDBC - Could not safely identify store assignment for repository candidate interface com.gtbackend.gtbackend.dao.WordRepository; If you want this repository to be a JDBC repository, consider annotating your entities with one of these annotations: org.springframework.data.relational.core.mapping.Table.
2023-03-04 12:48:47.302  INFO 12908 --- [main] .s.d.r.c.RepositoryConfigurationDelegate : Finished Spring Data repository scanning in 60 ms. Found 0 JDBC repository interfaces.
2023-03-04 12:48:47.325  INFO 12908 --- [main] .s.d.r.c.RepositoryConfigurationDelegate : Multiple Spring Data modules found, entering strict repository configuration mode
2023-03-04 12:48:47.328  INFO 12908 --- [main] .s.d.r.c.RepositoryConfigurationDelegate : Bootstrapping Spring Data JPA repositories in DEFAULT mode.
2023-03-04 12:48:47.395  INFO 12908 --- [main] .s.d.r.c.RepositoryConfigurationDelegate : Finished Spring Data repository scanning in 52 ms. Found 2 JPA repository interfaces.
2023-03-04 12:48:49.070  INFO 12908 --- [main] o.s.b.w.embedded.tomcat.TomcatWebServer  : Tomcat initialized with port(s): 8080 (http)
2023-03-04 12:48:49.091  INFO 12908 --- [main] o.apache.catalina.core.StandardService   : Starting service [Tomcat]
2023-03-04 12:48:49.091  INFO 12908 --- [main] org.apache.catalina.core.StandardEngine  : Starting Servlet engine: [Apache Tomcat/9.0.65]
2023-03-04 12:48:49.247  INFO 12908 --- [main] o.a.c.c.C.[Tomcat].[localhost].[/]       : Initializing Spring embedded WebApplicationContext
2023-03-04 12:48:49.248  INFO 12908 --- [main] w.s.c.ServletWebServerApplicationContext : Root WebApplicationContext: initialization completed in 3342 ms
2023-03-04 12:48:49.756  INFO 12908 --- [main] o.hibernate.jpa.internal.util.LogHelper  : HHH000204: Processing PersistenceUnitInfo [name: default]
2023-03-04 12:48:49.831  INFO 12908 --- [main] org.hibernate.Version                    : HHH000412: Hibernate ORM core version 5.6.11.Final
2023-03-04 12:48:50.079  INFO 12908 --- [main] o.hibernate.annotations.common.Version   : HCANN000001: Hibernate Commons Annotations {5.1.2.Final}
2023-03-04 12:48:50.264  INFO 12908 --- [main] com.zaxxer.hikari.HikariDataSource       : HikariPool-1 - Starting...
2023-03-04 12:48:50.691  INFO 12908 --- [main] com.zaxxer.hikari.HikariDataSource       : HikariPool-1 - Start completed.
2023-03-04 12:48:50.761  INFO 12908 --- [main] org.hibernate.dialect.Dialect            : HHH000400: Using dialect: org.hibernate.dialect.MySQL8Dialect
2023-03-04 12:48:51.763  INFO 12908 --- [main] o.h.e.t.j.p.i.JtaPlatformInitiator       : HHH000490: Using JtaPlatform implementation: [org.hibernate.engine.transaction.jta.platform.internal.NoJtaPlatform]
2023-03-04 12:48:51.772  INFO 12908 --- [main] j.LocalContainerEntityManagerFactoryBean : Initialized JPA EntityManagerFactory for persistence unit 'default'
2023-03-04 12:48:52.208  INFO 12908 --- [main] f.a.AutowiredAnnotationBeanPostProcessor : Autowired annotation should only be used on methods with parameters: public java.util.List com.gtbackend.gtbackend.service.UserService.getUsers()
2023-03-04 12:48:52.770  WARN 12908 --- [main] JpaBaseConfiguration$JpaWebConfiguration : spring.jpa.open-in-view is enabled by default. Therefore, database queries may be performed during view rendering. Explicitly configure spring.jpa.open-in-view to disable this warning
2023-03-04 12:48:53.032  INFO 12908 --- [main] o.s.s.web.DefaultSecurityFilterChain     : Will secure any request with [org.springframework.security.web.session.DisableEncodeUrlFilter@4eab9aec, org.springframework.security.web.context.request.async.WebAsyncManagerIntegrationFilter@5a45c218, org.springframework.security.web.context.SecurityContextPersistenceFilter@7698a3d9, org.springframework.security.web.header.HeaderWriterFilter@3a359f7c, org.springframework.web.filter.CorsFilter@2c6efee3, org.springframework.security.web.authentication.logout.LogoutFilter@79c2bc34, com.gtbackend.gtbackend.security.JwtFilter@6cd6698b, org.springframework.security.web.savedrequest.RequestCacheAwareFilter@39dce2df, org.springframework.security.web.servletapi.SecurityContextHolderAwareRequestFilter@662d3e85, org.springframework.security.web.authentication.rememberme.RememberMeAuthenticationFilter@4ed19540, org.springframework.security.web.authentication.AnonymousAuthenticationFilter@57ac236a, org.springframework.security.web.session.SessionManagementFilter@6bdad3bb, org.springframework.security.web.access.ExceptionTranslationFilter@16745abd, org.springframework.security.web.access.intercept.FilterSecurityInterceptor@125a8ab6]
2023-03-04 12:48:53.658  INFO 12908 --- [main] o.s.b.w.embedded.tomcat.TomcatWebServer  : Tomcat started on port(s): 8080 (http) with context path ''
2023-03-04 12:48:53.672  INFO 12908 --- [main] com.gtbackend.gtbackend.DemoApplication  : Started DemoApplication in 8.608 seconds (JVM running for 9.42)
2023-03-04 12:50:09.651  INFO 12908 --- [http-nio-8080-exec-2] o.a.c.c.C.[Tomcat].[localhost].[/]       : Initializing Spring DispatcherServlet 'dispatcherServlet'
2023-03-04 12:50:09.652  INFO 12908 --- [http-nio-8080-exec-2] o.s.web.servlet.DispatcherServlet        : Initializing Servlet 'dispatcherServlet'
2023-03-04 12:50:09.654  INFO 12908 --- [http-nio-8080-exec-2] o.s.web.servlet.DispatcherServlet        : Completed initialization in 2 ms
2023-03-04 13:07:05.845  INFO 12908 --- [SpringApplicationShutdownHook] j.LocalContainerEntityManagerFactoryBean : Closing JPA EntityManagerFactory for persistence unit 'default'
2023-03-04 13:07:05.848  INFO 12908 --- [SpringApplicationShutdownHook] com.zaxxer.hikari.HikariDataSource       : HikariPool-1 - Shutdown initiated...
2023-03-04 13:07:05.860  INFO 12908 --- [SpringApplicationShutdownHook] com.zaxxer.hikari.HikariDataSource       : HikariPool-1 - Shutdown completed.
